<?xml version="1.0" encoding="UTF-8"?>
<!-- Generated by org.testng.reporters.JUnitReportReporter -->
<testsuite hostname="DESKTOP-SL6OCUJ" failures="0" tests="1" name="com.timetracking.actitime.automation10.testNG.HardAssert" time="0.011" errors="0" timestamp="2022-11-08T10:13:12 IST" skipped="0">
  <testcase classname="com.timetracking.actitime.automation10.testNG.HardAssert" name="demo" time="0.011"/>
  <system-out/>
</testsuite> <!-- com.timetracking.actitime.automation10.testNG.HardAssert -->
