<?xml version="1.0" encoding="UTF-8"?>
<!-- Generated by org.testng.reporters.JUnitReportReporter -->
<testsuite hostname="DESKTOP-SL6OCUJ" failures="0" tests="5" name="com.timetracking.actitime.automation10.testNG.BuyProductTest" time="0.008" errors="0" timestamp="2022-11-08T10:13:12 IST" skipped="0">
  <testcase classname="com.timetracking.actitime.automation10.testNG.BuyProductTest" name="logout" time="0.002"/>
  <system-out/>
  <testcase classname="com.timetracking.actitime.automation10.testNG.BuyProductTest" name="addPaymentTest" time="0.002"/>
  <system-out/>
  <testcase classname="com.timetracking.actitime.automation10.testNG.BuyProductTest" name="addProductTest" time="0.002"/>
  <system-out/>
  <testcase classname="com.timetracking.actitime.automation10.testNG.BuyProductTest" name="loginTest" time="0.001"/>
  <system-out/>
  <testcase classname="com.timetracking.actitime.automation10.testNG.BuyProductTest" name="searchForProductTest" time="0.001"/>
  <system-out/>
</testsuite> <!-- com.timetracking.actitime.automation10.testNG.BuyProductTest -->
