<?xml version="1.0" encoding="UTF-8"?>
<!-- Generated by org.testng.reporters.JUnitReportReporter -->
<testsuite hostname="DESKTOP-SL6OCUJ" failures="0" tests="2" name="com.timetracking.actitime.automation10.testNG.ClassB" time="0.002" errors="0" timestamp="2022-11-08T10:13:12 IST" skipped="0">
  <testcase classname="com.timetracking.actitime.automation10.testNG.ClassB" name="demo2" time="0.001"/>
  <system-out/>
  <testcase classname="com.timetracking.actitime.automation10.testNG.ClassB" name="demo1" time="0.001"/>
  <system-out/>
</testsuite> <!-- com.timetracking.actitime.automation10.testNG.ClassB -->
