<?xml version="1.0" encoding="UTF-8"?>
<!-- Generated by org.testng.reporters.JUnitReportReporter -->
<testsuite hostname="DESKTOP-SL6OCUJ" failures="0" tests="1" name="com.timetracking.actitime.automation10.testNG.ClassC" time="4.444" errors="0" timestamp="2022-11-08T11:35:04 IST" skipped="0">
  <testcase classname="com.timetracking.actitime.automation10.testNG.ClassC" name="demo" time="4.444"/>
  <system-out/>
</testsuite> <!-- com.timetracking.actitime.automation10.testNG.ClassC -->
