<?xml version="1.0" encoding="UTF-8"?>
<!-- Generated by org.testng.reporters.JUnitReportReporter -->
<testsuite hostname="DESKTOP-SL6OCUJ" failures="0" tests="6" name="com.timetracking.actitime.automation10.testNG.Invocation" time="0.010" errors="0" timestamp="2022-11-08T10:13:12 IST" skipped="0">
  <testcase classname="com.timetracking.actitime.automation10.testNG.Invocation" name="demo4" time="0.002"/>
  <system-out/>
  <testcase classname="com.timetracking.actitime.automation10.testNG.Invocation" name="demo3" time="0.001"/>
  <system-out/>
  <testcase classname="com.timetracking.actitime.automation10.testNG.Invocation" name="demo5" time="0.002"/>
  <system-out/>
  <testcase classname="com.timetracking.actitime.automation10.testNG.Invocation" name="demo5" time="0.001"/>
  <system-out/>
  <testcase classname="com.timetracking.actitime.automation10.testNG.Invocation" name="demo5" time="0.002"/>
  <system-out/>
  <testcase classname="com.timetracking.actitime.automation10.testNG.Invocation" name="demo5" time="0.002"/>
  <system-out/>
</testsuite> <!-- com.timetracking.actitime.automation10.testNG.Invocation -->
